<?xml version="1.0" encoding="UTF-8"?>
<!-- Generated by org.testng.reporters.JUnitReportReporter -->
<testsuite skipped="1" hostname="LIPL-HO-L-088" name="TestNG_Package.TestNG_Class" tests="1" failures="0" timestamp="12 Jul 2018 11:43:39 GMT" time="0.000" errors="0">
  <testcase name="test" time="0.000" classname="TestNG_Package.TestNG_Class">
    <skipped/>
  </testcase> <!-- test -->
</testsuite> <!-- TestNG_Package.TestNG_Class -->
