<?xml version="1.0" encoding="UTF-8"?>
<!-- Generated by org.testng.reporters.JUnitReportReporter -->
<testsuite skipped="0" hostname="LIPL-HO-L-088" name="TestCase.Pre_Login_Home" tests="1" failures="0" timestamp="15 Jul 2018 12:11:16 GMT" time="43.357" errors="0">
  <testcase name="PreLoginHeader_HomePage" time="43.357" classname="TestCase.Pre_Login_Home"/>
</testsuite> <!-- TestCase.Pre_Login_Home -->
