<?xml version="1.0" encoding="UTF-8"?>
<!-- Generated by org.testng.reporters.JUnitReportReporter -->
<testsuite skipped="2" hostname="LIPL-HO-L-088" name="TestCase.test12" tests="2" failures="0" timestamp="12 Jul 2018 11:43:39 GMT" time="0.000" errors="0">
  <testcase name="getChorme" time="0.000" classname="TestCase.test12">
    <skipped/>
  </testcase> <!-- getChorme -->
  <testcase name="getFirefox" time="0.000" classname="TestCase.test12">
    <skipped/>
  </testcase> <!-- getFirefox -->
</testsuite> <!-- TestCase.test12 -->
